                    1                    1                    1  0.63032394660316871       0.24828604970668078      -0.76395056192758615     
                    1                    1                    2  0.46906349819782278       0.13655728036431691       0.10611537566695817     
                    1                    1                    3 -0.56273300152376660       0.12616078806191622      -0.26439911003961192     
                    1                    1                    4  -4.6855664667493135E-002  0.32426375665280260        1.9505354324692803E-002
                    1                    1                    5  0.57161191241734111       0.71227532835726848      -0.17347382831541758     
                    1                    1                    6 -0.46482664944050445      -0.31236810258550252       -2.9562083477085777E-002
                    1                    2                    1  0.70605408020064431      -0.29527552766536269        5.8731240782051941E-002
                    1                    2                    2  0.37036790364875416      -0.58957231425737611       0.28544666656768225     
                    1                    2                    3  0.11352149960240232      -0.27453469872402292      -0.48888842374395258     
                    1                    2                    4  0.34264975857906688        8.9845149747822095E-002  0.15759012053294286     
                    1                    2                    5  0.38702221398544534        6.7078817767477483E-002  0.53732049155815664     
                    1                    2                    6  0.11379600154195435       0.11618928707707643      -0.90303144726766615     
                    1                    3                    1 -0.13723144617321803        1.4970318813474659E-002 -0.27904796863863601     
                    1                    3                    2  0.39379576181717013       -7.1007204971372584E-002 -0.11038145390665499     
                    1                    3                    3  0.29152851063720409       0.29144562616460479      -0.24835009939625308     
                    1                    3                    4  0.22735843790712984      -0.54552719042877862       0.57868741884739805     
                    1                    3                    5 -0.15797999707118748       0.29804533709975733       0.10014646646773118     
                    1                    3                    6  0.18477943781106831        3.2926867448668240E-003  0.39657749420785127     
                    1                    4                    1   8.5778266984756879E-002  0.30758480842327041       -7.1057291739889727E-002
                    1                    4                    2  0.22725211690838387      -0.43200923866995211       0.26709651608430285     
                    1                    4                    3  -1.3900293268486390      -0.50807286445535826      -0.66639679618525394     
                    1                    4                    4  0.52638973974725189        7.4603832251706415E-002 -0.47493038603678572     
                    1                    4                    5  0.55369312123369308        9.4581546736359545E-002   6.8119050144517690E-002
                    1                    4                    6  0.37652054648089850       0.48343668430927034       0.17376377800985754     
                    1                    5                    1  0.62133322531012136      -0.55781901262274181       -4.3054021137494569E-002
                    1                    5                    2 -0.14997185327082896        1.5316943109842107E-003  -7.0107813856071344E-002
                    1                    5                    3  0.33941180687564332      -0.32455814809261252      -0.31501532748264482     
                    1                    5                    4  0.68527354291170783        1.3213937521155106       0.41337280032591917     
                    1                    5                    5  0.35945788992720029       0.33633427034319663        7.0310035572042962E-002
                    1                    5                    6   1.5996760291351331E-002  0.25290825424566532      -0.81160285884721151     
                    1                    6                    1 -0.56193781978123414       0.31080622802288249      -0.39341086043789963     
                    1                    6                    2 -0.94499719594564002        3.8185752225945002E-002 -0.14486430035604259     
                    1                    6                    3 -0.26152480061411687       0.38712947663456587       0.72687961834162818     
                    1                    6                    4  0.47899608232588275        2.1374434662322361E-002   8.4408823314347403E-002
                    1                    6                    5  0.21354387199152569       0.25359630518072440      -0.37401733626889655     
                    1                    6                    6 -0.60751228680809444      -0.97518874769495945       -6.8934735205059550E-002
                    2                    1                    1   8.4067619092077273E-002  0.65706130831178577      -0.35940164124571305     
                    2                    1                    2  0.44404500825023341       0.32288215643444995        2.5168409026423477E-002
                    2                    1                    3   3.5214429031444228E-002  0.64754358699387105      -0.42641266998051863     
                    2                    1                    4  0.69571197040756916       0.91711877020087629       0.17996070816581367     
                    2                    1                    5  -9.5693472014116709E-002 -0.85665870944535483       0.28408315712135357     
                    2                    1                    6 -0.63831094270834310       0.53860295232762012      -0.19841691002557593     
                    2                    2                    1  0.14111519169591480      -0.32090775566123408       0.58555777194042768     
                    2                    2                    2 -0.36404966334599775       0.41521621781545859       0.23045735251766830     
                    2                    2                    3  0.23630859875158827      -0.33075141110078143       0.18409011408708231     
                    2                    2                    4 -0.58483046490623569      -0.37054073250095843       0.35064219000639896     
                    2                    2                    5  0.59341167842819664       0.89674508567660371      -0.14396496027284655     
                    2                    2                    6 -0.38256441873629710      -0.43524377293066507        1.0292711298346273     
                    2                    3                    1  0.34800503565072649      -0.85111937522459535      -0.37338983260869707     
                    2                    3                    2 -0.37723576843614604      -0.27406703945535416       0.71422640935429693     
                    2                    3                    3 -0.30131545012862659       0.36144013204729197       0.76670143412825031     
                    2                    3                    4 -0.35392476568704523       0.69582255089498624      -0.67587210740136583     
                    2                    3                    5 -0.78934542548939124       0.16300920400082930      -0.66978037508586508     
                    2                    3                    6  0.45704751634919116      -0.54326319021152369       0.89315570152452928     
                    2                    4                    1   3.1066029436693565E-002  -3.5346389714988158E-002  0.20582710544020699     
                    2                    4                    2  0.67115847085177571       0.59411630992677500        4.2656292229318549E-002
                    2                    4                    3 -0.42356559764331125       0.66438360625928072      -0.14882328298749514     
                    2                    4                    4 -0.15300587096470575       0.46899989203847681      -0.26663738148058136     
                    2                    4                    5  0.32093483845527038      -0.26304479785138302       0.22036155832324189     
                    2                    4                    6   1.1125534560582739E-002  0.44755996709707890       0.21670880396415537     
                    2                    5                    1 -0.16792567674922654      -0.20939993701707582       0.56441971555102532     
                    2                    5                    2  0.58577658461510484       0.56008670728039900       0.40646776180248589     
                    2                    5                    3  0.49349156999790100       0.40878180138631626        3.4202269263563512E-002
                    2                    5                    4 -0.39995208019686657       0.10201817084029341       -5.4594804448444112E-002
                    2                    5                    5 -0.65264931500584034      -0.13389338818696084        1.0408943549108818E-002
                    2                    5                    6 -0.28308096107956904      -0.78303298660988374      -0.41826282994752106     
                    2                    6                    1  0.65274085078808142        4.7933721831906917E-002  0.16832596796465005     
                    2                    6                    2  0.51110838769401168       0.24606515860390488      -0.41545675106333757     
                    2                    6                    3  0.16671702299734892       0.46183942567303626       0.14787561705768981     
                    2                    6                    4 -0.14688942275558636      -0.59011762357220365       -7.3376894557851680E-002
                    2                    6                    5  0.67451743472637293       0.48804943834183034       0.75046967490676431     
                    2                    6                    6  0.18755545204082713       0.30345877989327263        3.7077530321861563E-002
                    3                    1                    1  0.77748609941212088        5.0255593218784922E-002 -0.39920059161850174     
                    3                    1                    2 -0.45452628479179480       -7.5529287622718932E-002 -0.21286315323985106     
                    3                    1                    3 -0.23976981090390326      -0.24834937154373637        5.0779965504187841E-002
                    3                    1                    4  -5.6427057554340188E-002 -0.17384751612611216      -0.58811797968586488     
                    3                    1                    5  0.23333773697528648       0.35016189509852103       0.28500878678418307     
                    3                    1                    6 -0.37788464000816591       0.13123123308219786       -8.8962431226164984E-003
                    3                    2                    1  0.41090648589161627       0.54568128987743969      -0.19502333809873829     
                    3                    2                    2  0.16862736854609039       0.58632147548776170       0.20724362269478336     
                    3                    2                    3  0.18072588584065330       0.32354672782417948      -0.35042344507702849     
                    3                    2                    4  -1.0654476551686476       0.21951180013803184      -0.91158683899193216     
                    3                    2                    5  0.24045205128245661      -0.22842458537965604        4.5197589460213017E-003
                    3                    2                    6 -0.29172647642611116       -6.0961008072227596E-002  0.47895693819622154     
                    3                    3                    1 -0.26308213149881965       0.51406742536984340        3.3821970459276596E-002
                    3                    3                    2  0.24450360665792648       0.38921026505626144      -0.17250881661918949     
                    3                    3                    3   8.2318520326233546E-002   3.3481361600173454E-002 -0.68204452293254869     
                    3                    3                    4  0.45282339552648043       0.98713594253505033      -0.26214199034061370     
                    3                    3                    5  0.26365484275833562       0.38742974008599407       0.51027414683847150     
                    3                    3                    6  0.29149585539315215        8.0083054623403260E-002  0.33465950931636024     
                    3                    4                    1  -1.0153346053553001        1.1533017842794506      -0.31311661266009150     
                    3                    4                    2 -0.33558655694679773       -8.3792131371236422E-002 -0.86198820644917906     
                    3                    4                    3  0.66939424004552373       0.19975277512882528      -0.15263839895262765     
                    3                    4                    4 -0.35947987978580787      -0.11836203336494888      -0.31428881225835914     
                    3                    4                    5 -0.36870389285048244       0.25932270121436152       0.56128250669448443     
                    3                    4                    6   1.0291204722614467E-002  0.40257300823823794      -0.28267822248389152     
                    3                    5                    1  0.37078596762564375       0.20627722875723165       -4.9356274541857648E-002
                    3                    5                    2  0.92416662223352830        2.1597218435783105E-002   1.2805688269734901     
                    3                    5                    3  0.46928481159608082       0.30931695821266825      -0.33264447713023970     
                    3                    5                    4  -3.1411987481954950E-002 -0.14662159958250109       0.18095177902566317     
                    3                    5                    5  0.70972215119652748       0.28019302688186132       -4.5536685297447033E-002
                    3                    5                    6 -0.16533193444866301        5.2153897816359596E-002 -0.29594139838512290     
                    3                    6                    1 -0.14245532617035428       -7.9683802559427086E-003  0.12900034767453539     
                    3                    6                    2 -0.75906247565325047       0.40011164625607387       0.29594052044758001     
                    3                    6                    3 -0.20364208325071731       -2.9314495426047138E-002  0.20953310067181996     
                    3                    6                    4  0.13249508661483089      -0.89459975129833036       0.45390249862967402     
                    3                    6                    5 -0.11977210739278132      -0.38246249569663293       0.57958802402358667     
                    3                    6                    6 -0.30197493880346737      -0.25049766269220086      -0.17424442471353796     
                    4                    1                    1  0.39004066698882056      -0.39354839411916354       -8.8470127426115930E-002
                    4                    1                    2  0.61929933932178205       -8.1632001968244383E-002 -0.35507794323745756     
                    4                    1                    3 -0.28828611485342792        9.7254400342726921E-002  0.26868482975462982     
                    4                    1                    4  0.30375392820053881       0.26387454010632139      -0.57664560268248333     
                    4                    1                    5  -3.4902320222030214E-002   6.3129552415639889E-002  -1.1225516715591326     
                    4                    1                    6  -3.7337089926795741E-002  0.42083697700177680      -0.65778361184136758     
                    4                    2                    1   5.7067588890715726E-002 -0.31264196324755433      -0.92418871833794092     
                    4                    2                    2 -0.15471302717231206      -0.68805920626124184       0.23204162481448054     
                    4                    2                    3 -0.42184955185646267       0.85288916299182760      -0.14194372299428837     
                    4                    2                    4 -0.27045052622318133      -0.23190413418270905       -3.8716307345515677E-002
                    4                    2                    5  0.10600611144278060      -0.20765199448055927      -0.31257218943973153     
                    4                    2                    6   7.7558709916992985E-002  0.19530362111031696      -0.29040879104488893     
                    4                    3                    1 -0.23006632217887968      -0.63913381138031378      -0.11738824418091331     
                    4                    3                    2  -2.1542799678739621E-002  -8.2699971676209350E-002 -0.37523996255934189     
                    4                    3                    3  0.43834508657631899      -0.38809226789318307        3.3900143947080741E-002
                    4                    3                    4  0.46809523218065530      -0.36676887143538028       0.87471196265143414     
                    4                    3                    5   2.6566443879596946E-002   8.4705194082889124E-002  0.12378360410677236     
                    4                    3                    6  0.43946336418442566      -0.35470333451911928       0.32582510705726175     
                    4                    4                    1 -0.15864074197747868      -0.37390307170231307       0.68122665822155515     
                    4                    4                    2  0.29741090152946037       0.62784794012781564       -6.0365225199350059E-002
                    4                    4                    3 -0.60930911524763887      -0.84309552012664790       0.22931881342276683     
                    4                    4                    4  0.23812299880878096      -0.43760809350707985      -0.11676565106003300     
                    4                    4                    5  0.23557567757619324       0.18468520957106382      -0.30010351736785568     
                    4                    4                    6 -0.84765040054913454        3.5567103297001967E-002 -0.26806839394333704     
                    4                    5                    1  0.21759588082540016       -5.4099942648019317E-002 -0.28382945694721773     
                    4                    5                    2 -0.10591503389706336       0.80296546494750265      -0.45558217635957532     
                    4                    5                    3  0.44299784881243909      -0.44138577262503542      -0.15015271858345836     
                    4                    5                    4  0.22521324850841840       0.19383622047833526        8.3993232958357256E-002
                    4                    5                    5  -2.1737596832839934E-002 -0.33369537671934935       -7.6664579612681694E-002
                    4                    5                    6 -0.19516824355352536       0.74973619043573736      -0.55492490050087961     
                    4                    6                    1 -0.48970780873844766       0.12093548581725511       -1.5372075856212142E-002
                    4                    6                    2 -0.27163480775110305      -0.54277295069374976      -0.81120837158897374     
                    4                    6                    3 -0.25206209973833982      -0.18617023897889151       0.82209312877558860     
                    4                    6                    4 -0.35437458754570694       0.13072354310824297       0.31633991353929813     
                    4                    6                    5  -1.1669392304100468E-002  -1.5324936599256045E-002  0.19229204724241722     
                    4                    6                    6  0.54527132221056585       0.22364754390186747       -1.0998661132355152     
                    5                    1                    1 -0.33081850307356087       0.32012404990034637      -0.44913674424720718     
                    5                    1                    2  0.18447621284337989       0.22783539361499283       0.20215758361302782     
                    5                    1                    3 -0.44818678127231548       0.25717970426071268      -0.15794401719079310     
                    5                    1                    4  0.33992297450796638        3.1254768147200851E-002   1.5634246993702527E-002
                    5                    1                    5 -0.19330030479755012       0.66118439025415676        7.1199028363482242E-002
                    5                    1                    6  0.20445619884282973        6.4183742726913406E-002  -9.5033812269806672E-002
                    5                    2                    1 -0.49158384584040893       0.15017465382768647       0.22963733121029817     
                    5                    2                    2  -1.0284473725781296        9.6677049827301298E-002  -1.4710945821513333E-002
                    5                    2                    3 -0.35084144444499499      -0.42230338081110830      -0.18765475423814282     
                    5                    2                    4  0.25028515419912667       -9.3866946449954192E-002 -0.46429321326628492     
                    5                    2                    5  0.34387445411074058       0.32109887445528051       -8.6052855125675176E-002
                    5                    2                    6  0.50980328634091765        4.7611331522463995E-002 -0.54886287326806560     
                    5                    3                    1  0.60327693961405471       0.63601305368742045      -0.33579193058122492     
                    5                    3                    2 -0.38407102682801320      -0.10152173929430353       0.22907379268375383     
                    5                    3                    3  0.17706978905931425      -0.30864206812870076       0.75604430772463482     
                    5                    3                    4  0.23071144672036947       -4.1439557756778544E-002 -0.13520588376272236     
                    5                    3                    5   5.4376265048188710E-002  0.12433316690759844       0.48086482769529226     
                    5                    3                    6   6.3308466992366697E-002   7.6356285413763381E-002  0.35459089474638583     
                    5                    4                    1   4.9294020510525005E-002  0.48557475154764829      -0.84509326695131559     
                    5                    4                    2   1.0547942167243134       0.45202101288000263       -1.0832071009347244E-002
                    5                    4                    3 -0.10488990920045360       0.48647639659303676       0.81628137162438930     
                    5                    4                    4  0.46114136296233355      -0.51174719199012042       0.53305032803086583     
                    5                    4                    5 -0.30917644355850649      -0.33039359637788657      -0.18242153065095956     
                    5                    4                    6 -0.70329934185957166       0.83113175979670051       0.26840725660219600     
                    5                    5                    1 -0.57918886344586840      -0.19970769886988693       -5.5824792446048432E-002
                    5                    5                    2   7.9143956915750380E-002  -1.1403461334380920      -0.10573807836381777     
                    5                    5                    3  0.17309212252937578        2.0133892509793583E-002  0.26284766951584126     
                    5                    5                    4  0.24587148941027204      -0.16516638856315558       0.58225673068808281     
                    5                    5                    5  0.15394771932519680       0.35293835572534471       0.25167109770990681     
                    5                    5                    6   5.5020400078661824E-002  0.67170241711901801       0.63333809091295801     
                    5                    6                    1 -0.41630666146336015      -0.32842046197842589      -0.32542459938974155     
                    5                    6                    2  0.16139556307914305       0.25867817368931600      -0.64757815129288532     
                    5                    6                    3   4.3075151124858380E-002  -1.0578062420700807E-002  0.14234884298695905     
                    5                    6                    4 -0.52911840821523337       0.62526210447826802       -6.7545882239298027E-002
                    5                    6                    5 -0.31510716276150808      -0.84219155439755689      -0.67769182453899801     
                    5                    6                    6   4.5675368643888881E-002  -7.7108026858235812E-002 -0.50605212380031217     
                    6                    1                    1  0.51195124572064410       -7.9620211685036413E-003  -9.2526328071951269E-003
                    6                    1                    2 -0.60814950112588217      -0.25823303300066969      -0.27088309891056528     
                    6                    1                    3  -9.6041244329425624E-002 -0.33662455131156399       0.54053132010193972     
                    6                    1                    4 -0.29758562996871918       0.15856426496177400       -8.8535368104355694E-002
                    6                    1                    5  0.16934157279175022       0.58740367240158342       0.20234335987709207     
                    6                    1                    6   1.1130223275237399      -0.20905574814413930      -0.65208328301554275     
                    6                    2                    1  0.35331951770666836       0.10810711935111983      -0.21535612602363852     
                    6                    2                    2   2.7568985304289972E-002   5.8209352799402536E-002  0.43680729291190223     
                    6                    2                    3  0.58391528721324404       0.67688046431124294       0.30125155708298079     
                    6                    2                    4  0.54614983622487268       0.35950789724926713      -0.54883597054461219     
                    6                    2                    5  0.31026666693408078       0.96441027668606338       0.11697164303620355     
                    6                    2                    6 -0.19783661867635161      -0.76248111928055495      -0.19408018561754403     
                    6                    3                    1  0.35625315105517608      -0.42086629352432459       -7.2653403912636083E-002
                    6                    3                    2  -8.4741361600205956E-002 -0.10380406158365152       0.33166689719870601     
                    6                    3                    3 -0.34485726336474665      -0.21901377467399130      -0.80744347969029895     
                    6                    3                    4  0.13526592306638419       0.27853238977333272       0.70418371274045066     
                    6                    3                    5  0.11580450408940823      -0.48215555682818612        9.0557131911504163E-002
                    6                    3                    6  0.25237879252594553      -0.71173875946112397      -0.40292026214852772     
                    6                    4                    1 -0.42152470041317702      -0.10765591893065696      -0.43030096887748082     
                    6                    4                    2   3.1646002519396976E-002   7.2401107571256285E-002  0.37914233997689650     
                    6                    4                    3 -0.37585170087453923      -0.38256071955005844      -0.38329805109807746     
                    6                    4                    4  0.21724176614308144       0.72853241298870164      -0.10211299278745978     
                    6                    4                    5  0.13327980635780579        3.6493741516498091E-002 -0.44709553826598958     
                    6                    4                    6  -3.8633672248288287E-002 -0.26497225963286386       0.13241540912579608     
                    6                    5                    1  0.34549024263899253       0.31852583196241380       0.32178624427756963     
                    6                    5                    2  0.10723093082195057      -0.81926217272910584      -0.45982264952845164     
                    6                    5                    3   8.0839423224982720E-002  0.47604250017632110       0.40884430915522119     
                    6                    5                    4 -0.14238625841105224       0.28721874432891692       0.50335001897550535     
                    6                    5                    5  0.29553543060079956      -0.20332920813168509       0.36318191074944339     
                    6                    5                    6  0.75876659421124093      -0.53546375460506157       0.76478470259442144     
                    6                    6                    1 -0.74045433529882398       -2.0843847434756979E-002  0.24457849318712421     
                    6                    6                    2  0.30470469517039023       0.22004310136950744       0.53238072218373822     
                    6                    6                    3 -0.37542757636231050       0.69711053428063607      -0.70369289235563492     
                    6                    6                    4 -0.44030973466376544      -0.36233863983558057       0.42777627916138750     
                    6                    6                    5  0.18051066997808585      -0.47648618550067656       0.41490914444269289     
                    6                    6                    6 -0.39863583293504146      -0.31368718964025222      -0.25363934609200944     
