  -3.141592741E+00  -3.141592741E+00  -3.141592741E+00   6.299358546E-04
  -3.141592741E+00  -3.141592741E+00  -2.094395161E+00   6.171504309E-04
  -3.141592741E+00  -3.141592741E+00  -1.047197580E+00   6.184657255E-04
  -3.141592741E+00  -3.141592741E+00   0.000000000E+00   6.445941597E-04
  -3.141592741E+00  -3.141592741E+00   1.047197580E+00   6.184657410E-04
  -3.141592741E+00  -3.141592741E+00   2.094395161E+00   6.171504049E-04
  -3.141592741E+00  -3.141592741E+00   3.141592741E+00   6.299358546E-04
  -3.141592741E+00  -2.094395161E+00  -3.141592741E+00   6.024257361E-04
  -3.141592741E+00  -2.094395161E+00  -2.094395161E+00   6.036994446E-04
  -3.141592741E+00  -2.094395161E+00  -1.047197580E+00   6.678059098E-04
  -3.141592741E+00  -2.094395161E+00   0.000000000E+00   6.705331355E-04
  -3.141592741E+00  -2.094395161E+00   1.047197580E+00   6.436046210E-04
  -3.141592741E+00  -2.094395161E+00   2.094395161E+00   6.101378159E-04
  -3.141592741E+00  -2.094395161E+00   3.141592741E+00   6.024257418E-04
  -3.141592741E+00  -1.047197580E+00  -3.141592741E+00   6.164093198E-04
  -3.141592741E+00  -1.047197580E+00  -2.094395161E+00   6.537892438E-04
  -3.141592741E+00  -1.047197580E+00  -1.047197580E+00   6.146646923E-04
  -3.141592741E+00  -1.047197580E+00   0.000000000E+00   6.752084471E-04
  -3.141592741E+00  -1.047197580E+00   1.047197580E+00   6.884941657E-04
  -3.141592741E+00  -1.047197580E+00   2.094395161E+00   6.317325385E-04
  -3.141592741E+00  -1.047197580E+00   3.141592741E+00   6.164093156E-04
  -3.141592741E+00   0.000000000E+00  -3.141592741E+00   6.847309809E-04
  -3.141592741E+00   0.000000000E+00  -2.094395161E+00   6.600328890E-04
  -3.141592741E+00   0.000000000E+00  -1.047197580E+00   6.869798565E-04
  -3.141592741E+00   0.000000000E+00   0.000000000E+00   7.437066388E-04
  -3.141592741E+00   0.000000000E+00   1.047197580E+00   6.869798479E-04
  -3.141592741E+00   0.000000000E+00   2.094395161E+00   6.600328938E-04
  -3.141592741E+00   0.000000000E+00   3.141592741E+00   6.847309809E-04
  -3.141592741E+00   1.047197580E+00  -3.141592741E+00   6.164093229E-04
  -3.141592741E+00   1.047197580E+00  -2.094395161E+00   6.317325254E-04
  -3.141592741E+00   1.047197580E+00  -1.047197580E+00   6.884941559E-04
  -3.141592741E+00   1.047197580E+00   0.000000000E+00   6.752084523E-04
  -3.141592741E+00   1.047197580E+00   1.047197580E+00   6.146646991E-04
  -3.141592741E+00   1.047197580E+00   2.094395161E+00   6.537892270E-04
  -3.141592741E+00   1.047197580E+00   3.141592741E+00   6.164093148E-04
  -3.141592741E+00   2.094395161E+00  -3.141592741E+00   6.024257540E-04
  -3.141592741E+00   2.094395161E+00  -2.094395161E+00   6.101377957E-04
  -3.141592741E+00   2.094395161E+00  -1.047197580E+00   6.436046054E-04
  -3.141592741E+00   2.094395161E+00   0.000000000E+00   6.705331257E-04
  -3.141592741E+00   2.094395161E+00   1.047197580E+00   6.678059199E-04
  -3.141592741E+00   2.094395161E+00   2.094395161E+00   6.036994555E-04
  -3.141592741E+00   2.094395161E+00   3.141592741E+00   6.024257462E-04
  -3.141592741E+00   3.141592741E+00  -3.141592741E+00   6.299358546E-04
  -3.141592741E+00   3.141592741E+00  -2.094395161E+00   6.171504067E-04
  -3.141592741E+00   3.141592741E+00  -1.047197580E+00   6.184657281E-04
  -3.141592741E+00   3.141592741E+00   0.000000000E+00   6.445941597E-04
  -3.141592741E+00   3.141592741E+00   1.047197580E+00   6.184657332E-04
  -3.141592741E+00   3.141592741E+00   2.094395161E+00   6.171504234E-04
  -3.141592741E+00   3.141592741E+00   3.141592741E+00   6.299358546E-04
  -2.094395161E+00  -3.141592741E+00  -3.141592741E+00   5.784187898E-04
  -2.094395161E+00  -3.141592741E+00  -2.094395161E+00   6.075723807E-04
  -2.094395161E+00  -3.141592741E+00  -1.047197580E+00   6.321692022E-04
  -2.094395161E+00  -3.141592741E+00   0.000000000E+00   6.938473220E-04
  -2.094395161E+00  -3.141592741E+00   1.047197580E+00   6.260653112E-04
  -2.094395161E+00  -3.141592741E+00   2.094395161E+00   6.094445467E-04
  -2.094395161E+00  -3.141592741E+00   3.141592741E+00   5.784187750E-04
  -2.094395161E+00  -2.094395161E+00  -3.141592741E+00   6.111910209E-04
  -2.094395161E+00  -2.094395161E+00  -2.094395161E+00   6.086177500E-04
  -2.094395161E+00  -2.094395161E+00  -1.047197580E+00   6.614208155E-04
  -2.094395161E+00  -2.094395161E+00   0.000000000E+00   6.799722112E-04
  -2.094395161E+00  -2.094395161E+00   1.047197580E+00   6.727762318E-04
  -2.094395161E+00  -2.094395161E+00   2.094395161E+00   6.078168568E-04
  -2.094395161E+00  -2.094395161E+00   3.141592741E+00   6.111910097E-04
  -2.094395161E+00  -1.047197580E+00  -3.141592741E+00   6.274865580E-04
  -2.094395161E+00  -1.047197580E+00  -2.094395161E+00   6.113280974E-04
  -2.094395161E+00  -1.047197580E+00  -1.047197580E+00   6.728799272E-04
  -2.094395161E+00  -1.047197580E+00   0.000000000E+00   7.049011205E-04
  -2.094395161E+00  -1.047197580E+00   1.047197580E+00   6.854622545E-04
  -2.094395161E+00  -1.047197580E+00   2.094395161E+00   6.227250617E-04
  -2.094395161E+00  -1.047197580E+00   3.141592741E+00   6.274865552E-04
  -2.094395161E+00   0.000000000E+00  -3.141592741E+00   6.568283149E-04
  -2.094395161E+00   0.000000000E+00  -2.094395161E+00   6.539752028E-04
  -2.094395161E+00   0.000000000E+00  -1.047197580E+00   6.485463108E-04
  -2.094395161E+00   0.000000000E+00   0.000000000E+00   7.203389006E-04
  -2.094395161E+00   0.000000000E+00   1.047197580E+00   6.726097064E-04
  -2.094395161E+00   0.000000000E+00   2.094395161E+00   6.730425776E-04
  -2.094395161E+00   0.000000000E+00   3.141592741E+00   6.568282933E-04
  -2.094395161E+00   1.047197580E+00  -3.141592741E+00   6.411787154E-04
  -2.094395161E+00   1.047197580E+00  -2.094395161E+00   6.509753843E-04
  -2.094395161E+00   1.047197580E+00  -1.047197580E+00   6.704032049E-04
  -2.094395161E+00   1.047197580E+00   0.000000000E+00   7.181355287E-04
  -2.094395161E+00   1.047197580E+00   1.047197580E+00   6.944873749E-04
  -2.094395161E+00   1.047197580E+00   2.094395161E+00   6.641487931E-04
  -2.094395161E+00   1.047197580E+00   3.141592741E+00   6.411787086E-04
  -2.094395161E+00   2.094395161E+00  -3.141592741E+00   6.078689235E-04
  -2.094395161E+00   2.094395161E+00  -2.094395161E+00   6.231800253E-04
  -2.094395161E+00   2.094395161E+00  -1.047197580E+00   6.490709960E-04
  -2.094395161E+00   2.094395161E+00   0.000000000E+00   6.614370150E-04
  -2.094395161E+00   2.094395161E+00   1.047197580E+00   6.567487700E-04
  -2.094395161E+00   2.094395161E+00   2.094395161E+00   6.160854490E-04
  -2.094395161E+00   2.094395161E+00   3.141592741E+00   6.078689136E-04
  -2.094395161E+00   3.141592741E+00  -3.141592741E+00   5.784187804E-04
  -2.094395161E+00   3.141592741E+00  -2.094395161E+00   6.075723716E-04
  -2.094395161E+00   3.141592741E+00  -1.047197580E+00   6.321691925E-04
  -2.094395161E+00   3.141592741E+00   0.000000000E+00   6.938473097E-04
  -2.094395161E+00   3.141592741E+00   1.047197580E+00   6.260652987E-04
  -2.094395161E+00   3.141592741E+00   2.094395161E+00   6.094445611E-04
  -2.094395161E+00   3.141592741E+00   3.141592741E+00   5.784187799E-04
  -1.047197580E+00  -3.141592741E+00  -3.141592741E+00   6.014886051E-04
  -1.047197580E+00  -3.141592741E+00  -2.094395161E+00   6.502498785E-04
  -1.047197580E+00  -3.141592741E+00  -1.047197580E+00   6.635984663E-04
  -1.047197580E+00  -3.141592741E+00   0.000000000E+00   7.256700518E-04
  -1.047197580E+00  -3.141592741E+00   1.047197580E+00   6.772025902E-04
  -1.047197580E+00  -3.141592741E+00   2.094395161E+00   6.730959708E-04
  -1.047197580E+00  -3.141592741E+00   3.141592741E+00   6.014886127E-04
  -1.047197580E+00  -2.094395161E+00  -3.141592741E+00   6.312423154E-04
  -1.047197580E+00  -2.094395161E+00  -2.094395161E+00   6.709856764E-04
  -1.047197580E+00  -2.094395161E+00  -1.047197580E+00   6.371413455E-04
  -1.047197580E+00  -2.094395161E+00   0.000000000E+00   6.985466365E-04
  -1.047197580E+00  -2.094395161E+00   1.047197580E+00   6.726480844E-04
  -1.047197580E+00  -2.094395161E+00   2.094395161E+00   6.515675664E-04
  -1.047197580E+00  -2.094395161E+00   3.141592741E+00   6.312423109E-04
  -1.047197580E+00  -1.047197580E+00  -3.141592741E+00   6.603709806E-04
  -1.047197580E+00  -1.047197580E+00  -2.094395161E+00   6.773631712E-04
  -1.047197580E+00  -1.047197580E+00  -1.047197580E+00   6.423526974E-04
  -1.047197580E+00  -1.047197580E+00   0.000000000E+00   6.684599110E-04
  -1.047197580E+00  -1.047197580E+00   1.047197580E+00   7.422077452E-04
  -1.047197580E+00  -1.047197580E+00   2.094395161E+00   6.730965609E-04
  -1.047197580E+00  -1.047197580E+00   3.141592741E+00   6.603709759E-04
  -1.047197580E+00   0.000000000E+00  -3.141592741E+00   6.905337121E-04
  -1.047197580E+00   0.000000000E+00  -2.094395161E+00   6.680612515E-04
  -1.047197580E+00   0.000000000E+00  -1.047197580E+00   6.282797207E-04
  -1.047197580E+00   0.000000000E+00   0.000000000E+00   7.024837518E-04
  -1.047197580E+00   0.000000000E+00   1.047197580E+00   6.608301749E-04
  -1.047197580E+00   0.000000000E+00   2.094395161E+00   7.101707832E-04
  -1.047197580E+00   0.000000000E+00   3.141592741E+00   6.905337106E-04
  -1.047197580E+00   1.047197580E+00  -3.141592741E+00   6.556152138E-04
  -1.047197580E+00   1.047197580E+00  -2.094395161E+00   6.719048506E-04
  -1.047197580E+00   1.047197580E+00  -1.047197580E+00   7.000444150E-04
  -1.047197580E+00   1.047197580E+00   0.000000000E+00   7.098659640E-04
  -1.047197580E+00   1.047197580E+00   1.047197580E+00   7.437712263E-04
  -1.047197580E+00   1.047197580E+00   2.094395161E+00   7.095099626E-04
  -1.047197580E+00   1.047197580E+00   3.141592741E+00   6.556152266E-04
  -1.047197580E+00   2.094395161E+00  -3.141592741E+00   6.309647975E-04
  -1.047197580E+00   2.094395161E+00  -2.094395161E+00   6.177440234E-04
  -1.047197580E+00   2.094395161E+00  -1.047197580E+00   6.563853021E-04
  -1.047197580E+00   2.094395161E+00   0.000000000E+00   7.117110392E-04
  -1.047197580E+00   2.094395161E+00   1.047197580E+00   6.492485028E-04
  -1.047197580E+00   2.094395161E+00   2.094395161E+00   6.334860183E-04
  -1.047197580E+00   2.094395161E+00   3.141592741E+00   6.309648092E-04
  -1.047197580E+00   3.141592741E+00  -3.141592741E+00   6.014886092E-04
  -1.047197580E+00   3.141592741E+00  -2.094395161E+00   6.502498939E-04
  -1.047197580E+00   3.141592741E+00  -1.047197580E+00   6.635984605E-04
  -1.047197580E+00   3.141592741E+00   0.000000000E+00   7.256700503E-04
  -1.047197580E+00   3.141592741E+00   1.047197580E+00   6.772025780E-04
  -1.047197580E+00   3.141592741E+00   2.094395161E+00   6.730959605E-04
  -1.047197580E+00   3.141592741E+00   3.141592741E+00   6.014886238E-04
   0.000000000E+00  -3.141592741E+00  -3.141592741E+00   6.545111299E-04
   0.000000000E+00  -3.141592741E+00  -2.094395161E+00   6.534918405E-04
   0.000000000E+00  -3.141592741E+00  -1.047197580E+00   6.416037839E-04
   0.000000000E+00  -3.141592741E+00   0.000000000E+00   7.643293456E-04
   0.000000000E+00  -3.141592741E+00   1.047197580E+00   6.416037696E-04
   0.000000000E+00  -3.141592741E+00   2.094395161E+00   6.534918303E-04
   0.000000000E+00  -3.141592741E+00   3.141592741E+00   6.545111299E-04
   0.000000000E+00  -2.094395161E+00  -3.141592741E+00   6.402035078E-04
   0.000000000E+00  -2.094395161E+00  -2.094395161E+00   7.030421091E-04
   0.000000000E+00  -2.094395161E+00  -1.047197580E+00   7.548525675E-04
   0.000000000E+00  -2.094395161E+00   0.000000000E+00   7.913109669E-04
   0.000000000E+00  -2.094395161E+00   1.047197580E+00   6.766478535E-04
   0.000000000E+00  -2.094395161E+00   2.094395161E+00   6.485014293E-04
   0.000000000E+00  -2.094395161E+00   3.141592741E+00   6.402035168E-04
   0.000000000E+00  -1.047197580E+00  -3.141592741E+00   6.842151828E-04
   0.000000000E+00  -1.047197580E+00  -2.094395161E+00   6.880784559E-04
   0.000000000E+00  -1.047197580E+00  -1.047197580E+00   7.163056106E-04
   0.000000000E+00  -1.047197580E+00   0.000000000E+00   6.942103797E-04
   0.000000000E+00  -1.047197580E+00   1.047197580E+00   7.623618892E-04
   0.000000000E+00  -1.047197580E+00   2.094395161E+00   7.013113977E-04
   0.000000000E+00  -1.047197580E+00   3.141592741E+00   6.842151777E-04
   0.000000000E+00   0.000000000E+00  -3.141592741E+00   7.465705486E-04
   0.000000000E+00   0.000000000E+00  -2.094395161E+00   7.590397803E-04
   0.000000000E+00   0.000000000E+00  -1.047197580E+00   7.095257608E-04
   0.000000000E+00   0.000000000E+00   0.000000000E+00   0.000000000E+00
   0.000000000E+00   0.000000000E+00   1.047197580E+00   7.306988290E-04
   0.000000000E+00   0.000000000E+00   2.094395161E+00   8.208544357E-04
   0.000000000E+00   0.000000000E+00   3.141592741E+00   8.273167694E-04
   0.000000000E+00   1.047197580E+00  -3.141592741E+00   7.823323539E-04
   0.000000000E+00   1.047197580E+00  -2.094395161E+00   7.828700399E-04
   0.000000000E+00   1.047197580E+00  -1.047197580E+00   8.040817079E-04
   0.000000000E+00   1.047197580E+00   0.000000000E+00   7.157082214E-04
   0.000000000E+00   1.047197580E+00   1.047197580E+00   7.585623531E-04
   0.000000000E+00   1.047197580E+00   2.094395161E+00   7.679008439E-04
   0.000000000E+00   1.047197580E+00   3.141592741E+00   7.823323593E-04
   0.000000000E+00   2.094395161E+00  -3.141592741E+00   7.751177348E-04
   0.000000000E+00   2.094395161E+00  -2.094395161E+00   7.658326186E-04
   0.000000000E+00   2.094395161E+00  -1.047197580E+00   7.587695755E-04
   0.000000000E+00   2.094395161E+00   0.000000000E+00   8.525182986E-04
   0.000000000E+00   2.094395161E+00   1.047197580E+00   8.359002270E-04
   0.000000000E+00   2.094395161E+00   2.094395161E+00   8.215254869E-04
   0.000000000E+00   2.094395161E+00   3.141592741E+00   7.751177252E-04
   0.000000000E+00   3.141592741E+00  -3.141592741E+00   8.045941421E-04
   0.000000000E+00   3.141592741E+00  -2.094395161E+00   7.876161956E-04
   0.000000000E+00   3.141592741E+00  -1.047197580E+00   7.435898759E-04
   0.000000000E+00   3.141592741E+00   0.000000000E+00   8.469166531E-04
   0.000000000E+00   3.141592741E+00   1.047197580E+00   7.435898894E-04
   0.000000000E+00   3.141592741E+00   2.094395161E+00   7.876162062E-04
   0.000000000E+00   3.141592741E+00   3.141592741E+00   8.045941421E-04
   1.047197580E+00  -3.141592741E+00  -3.141592741E+00   7.719965603E-04
   1.047197580E+00  -3.141592741E+00  -2.094395161E+00   8.272987457E-04
   1.047197580E+00  -3.141592741E+00  -1.047197580E+00   7.960445758E-04
   1.047197580E+00  -3.141592741E+00   0.000000000E+00   8.238311404E-04
   1.047197580E+00  -3.141592741E+00   1.047197580E+00   7.809626678E-04
   1.047197580E+00  -3.141592741E+00   2.094395161E+00   8.013804726E-04
   1.047197580E+00  -3.141592741E+00   3.141592741E+00   7.719965453E-04
   1.047197580E+00  -2.094395161E+00  -3.141592741E+00   7.821865397E-04
   1.047197580E+00  -2.094395161E+00  -2.094395161E+00   7.683791429E-04
   1.047197580E+00  -2.094395161E+00  -1.047197580E+00   7.478593950E-04
   1.047197580E+00  -2.094395161E+00   0.000000000E+00   7.925918634E-04
   1.047197580E+00  -2.094395161E+00   1.047197580E+00   7.565029581E-04
   1.047197580E+00  -2.094395161E+00   2.094395161E+00   7.519914607E-04
   1.047197580E+00  -2.094395161E+00   3.141592741E+00   7.821865280E-04
   1.047197580E+00  -1.047197580E+00  -3.141592741E+00   7.711217142E-04
   1.047197580E+00  -1.047197580E+00  -2.094395161E+00   8.111689157E-04
   1.047197580E+00  -1.047197580E+00  -1.047197580E+00   8.057656773E-04
   1.047197580E+00  -1.047197580E+00   0.000000000E+00   7.514512747E-04
   1.047197580E+00  -1.047197580E+00   1.047197580E+00   7.626726804E-04
   1.047197580E+00  -1.047197580E+00   2.094395161E+00   7.705116761E-04
   1.047197580E+00  -1.047197580E+00   3.141592741E+00   7.711217012E-04
   1.047197580E+00   0.000000000E+00  -3.141592741E+00   7.901774753E-04
   1.047197580E+00   0.000000000E+00  -2.094395161E+00   7.917545945E-04
   1.047197580E+00   0.000000000E+00  -1.047197580E+00   7.019349568E-04
   1.047197580E+00   0.000000000E+00   0.000000000E+00   7.236743249E-04
   1.047197580E+00   0.000000000E+00   1.047197580E+00   6.708986187E-04
   1.047197580E+00   0.000000000E+00   2.094395161E+00   7.485672555E-04
   1.047197580E+00   0.000000000E+00   3.141592741E+00   7.901774769E-04
   1.047197580E+00   1.047197580E+00  -3.141592741E+00   7.788880615E-04
   1.047197580E+00   1.047197580E+00  -2.094395161E+00   7.743099224E-04
   1.047197580E+00   1.047197580E+00  -1.047197580E+00   8.032756891E-04
   1.047197580E+00   1.047197580E+00   0.000000000E+00   7.106302284E-04
   1.047197580E+00   1.047197580E+00   1.047197580E+00   7.052338812E-04
   1.047197580E+00   1.047197580E+00   2.094395161E+00   7.758411667E-04
   1.047197580E+00   1.047197580E+00   3.141592741E+00   7.788880672E-04
   1.047197580E+00   2.094395161E+00  -3.141592741E+00   7.843173882E-04
   1.047197580E+00   2.094395161E+00  -2.094395161E+00   7.859330534E-04
   1.047197580E+00   2.094395161E+00  -1.047197580E+00   7.732748256E-04
   1.047197580E+00   2.094395161E+00   0.000000000E+00   7.802338959E-04
   1.047197580E+00   2.094395161E+00   1.047197580E+00   7.378709601E-04
   1.047197580E+00   2.094395161E+00   2.094395161E+00   8.074022262E-04
   1.047197580E+00   2.094395161E+00   3.141592741E+00   7.843173927E-04
   1.047197580E+00   3.141592741E+00  -3.141592741E+00   7.719965493E-04
   1.047197580E+00   3.141592741E+00  -2.094395161E+00   8.272987571E-04
   1.047197580E+00   3.141592741E+00  -1.047197580E+00   7.960445883E-04
   1.047197580E+00   3.141592741E+00   0.000000000E+00   8.238311421E-04
   1.047197580E+00   3.141592741E+00   1.047197580E+00   7.809626739E-04
   1.047197580E+00   3.141592741E+00   2.094395161E+00   8.013804565E-04
   1.047197580E+00   3.141592741E+00   3.141592741E+00   7.719965402E-04
   2.094395161E+00  -3.141592741E+00  -3.141592741E+00   7.791987753E-04
   2.094395161E+00  -3.141592741E+00  -2.094395161E+00   7.936254081E-04
   2.094395161E+00  -3.141592741E+00  -1.047197580E+00   7.790676569E-04
   2.094395161E+00  -3.141592741E+00   0.000000000E+00   8.283632150E-04
   2.094395161E+00  -3.141592741E+00   1.047197580E+00   7.841523748E-04
   2.094395161E+00  -3.141592741E+00   2.094395161E+00   7.921549103E-04
   2.094395161E+00  -3.141592741E+00   3.141592741E+00   7.791987744E-04
   2.094395161E+00  -2.094395161E+00  -3.141592741E+00   7.897421427E-04
   2.094395161E+00  -2.094395161E+00  -2.094395161E+00   7.837291003E-04
   2.094395161E+00  -2.094395161E+00  -1.047197580E+00   7.913907056E-04
   2.094395161E+00  -2.094395161E+00   0.000000000E+00   7.810305066E-04
   2.094395161E+00  -2.094395161E+00   1.047197580E+00   7.855905588E-04
   2.094395161E+00  -2.094395161E+00   2.094395161E+00   7.909898457E-04
   2.094395161E+00  -2.094395161E+00   3.141592741E+00   7.897421527E-04
   2.094395161E+00  -1.047197580E+00  -3.141592741E+00   7.922474536E-04
   2.094395161E+00  -1.047197580E+00  -2.094395161E+00   7.997066280E-04
   2.094395161E+00  -1.047197580E+00  -1.047197580E+00   7.948822038E-04
   2.094395161E+00  -1.047197580E+00   0.000000000E+00   7.979624628E-04
   2.094395161E+00  -1.047197580E+00   1.047197580E+00   7.686438114E-04
   2.094395161E+00  -1.047197580E+00   2.094395161E+00   7.873806939E-04
   2.094395161E+00  -1.047197580E+00   3.141592741E+00   7.922474606E-04
   2.094395161E+00   0.000000000E+00  -3.141592741E+00   7.912113969E-04
   2.094395161E+00   0.000000000E+00  -2.094395161E+00   7.909692966E-04
   2.094395161E+00   0.000000000E+00  -1.047197580E+00   7.509841548E-04
   2.094395161E+00   0.000000000E+00   0.000000000E+00   7.802256121E-04
   2.094395161E+00   0.000000000E+00   1.047197580E+00   7.288482400E-04
   2.094395161E+00   0.000000000E+00   2.094395161E+00   7.735863148E-04
   2.094395161E+00   0.000000000E+00   3.141592741E+00   7.912114192E-04
   2.094395161E+00   1.047197580E+00  -3.141592741E+00   7.788429201E-04
   2.094395161E+00   1.047197580E+00  -2.094395161E+00   7.575480143E-04
   2.094395161E+00   1.047197580E+00  -1.047197580E+00   7.839063886E-04
   2.094395161E+00   1.047197580E+00   0.000000000E+00   7.869155195E-04
   2.094395161E+00   1.047197580E+00   1.047197580E+00   7.717338141E-04
   2.094395161E+00   1.047197580E+00   2.094395161E+00   7.477397489E-04
   2.094395161E+00   1.047197580E+00   3.141592741E+00   7.788429221E-04
   2.094395161E+00   2.094395161E+00  -3.141592741E+00   7.971094447E-04
   2.094395161E+00   2.094395161E+00  -2.094395161E+00   7.748242853E-04
   2.094395161E+00   2.094395161E+00  -1.047197580E+00   8.091956267E-04
   2.094395161E+00   2.094395161E+00   0.000000000E+00   7.992251540E-04
   2.094395161E+00   2.094395161E+00   1.047197580E+00   7.969765270E-04
   2.094395161E+00   2.094395161E+00   2.094395161E+00   7.776865975E-04
   2.094395161E+00   2.094395161E+00   3.141592741E+00   7.971094567E-04
   2.094395161E+00   3.141592741E+00  -3.141592741E+00   7.791987697E-04
   2.094395161E+00   3.141592741E+00  -2.094395161E+00   7.936253915E-04
   2.094395161E+00   3.141592741E+00  -1.047197580E+00   7.790676717E-04
   2.094395161E+00   3.141592741E+00   0.000000000E+00   8.283632283E-04
   2.094395161E+00   3.141592741E+00   1.047197580E+00   7.841523832E-04
   2.094395161E+00   3.141592741E+00   2.094395161E+00   7.921549195E-04
   2.094395161E+00   3.141592741E+00   3.141592741E+00   7.791987849E-04
   3.141592741E+00  -3.141592741E+00  -3.141592741E+00   8.486214780E-04
   3.141592741E+00  -3.141592741E+00  -2.094395161E+00   8.178560420E-04
   3.141592741E+00  -3.141592741E+00  -1.047197580E+00   7.845055913E-04
   3.141592741E+00  -3.141592741E+00   0.000000000E+00   7.949689169E-04
   3.141592741E+00  -3.141592741E+00   1.047197580E+00   7.845055856E-04
   3.141592741E+00  -3.141592741E+00   2.094395161E+00   8.178560238E-04
   3.141592741E+00  -3.141592741E+00   3.141592741E+00   8.486214780E-04
   3.141592741E+00  -2.094395161E+00  -3.141592741E+00   8.006590281E-04
   3.141592741E+00  -2.094395161E+00  -2.094395161E+00   7.916496676E-04
   3.141592741E+00  -2.094395161E+00  -1.047197580E+00   8.184322305E-04
   3.141592741E+00  -2.094395161E+00   0.000000000E+00   8.039387567E-04
   3.141592741E+00  -2.094395161E+00   1.047197580E+00   7.955041466E-04
   3.141592741E+00  -2.094395161E+00   2.094395161E+00   7.941333472E-04
   3.141592741E+00  -2.094395161E+00   3.141592741E+00   8.006590366E-04
   3.141592741E+00  -1.047197580E+00  -3.141592741E+00   7.844222662E-04
   3.141592741E+00  -1.047197580E+00  -2.094395161E+00   8.048210754E-04
   3.141592741E+00  -1.047197580E+00  -1.047197580E+00   7.314172573E-04
   3.141592741E+00  -1.047197580E+00   0.000000000E+00   7.720211377E-04
   3.141592741E+00  -1.047197580E+00   1.047197580E+00   8.045594461E-04
   3.141592741E+00  -1.047197580E+00   2.094395161E+00   7.814499007E-04
   3.141592741E+00  -1.047197580E+00   3.141592741E+00   7.844222749E-04
   3.141592741E+00   0.000000000E+00  -3.141592741E+00   8.338085158E-04
   3.141592741E+00   0.000000000E+00  -2.094395161E+00   7.940166320E-04
   3.141592741E+00   0.000000000E+00  -1.047197580E+00   7.848913474E-04
   3.141592741E+00   0.000000000E+00   0.000000000E+00   8.236037766E-04
   3.141592741E+00   0.000000000E+00   1.047197580E+00   7.848913558E-04
   3.141592741E+00   0.000000000E+00   2.094395161E+00   7.940166272E-04
   3.141592741E+00   0.000000000E+00   3.141592741E+00   8.338085158E-04
   3.141592741E+00   1.047197580E+00  -3.141592741E+00   7.844222665E-04
   3.141592741E+00   1.047197580E+00  -2.094395161E+00   7.814499137E-04
   3.141592741E+00   1.047197580E+00  -1.047197580E+00   8.045594572E-04
   3.141592741E+00   1.047197580E+00   0.000000000E+00   7.720211330E-04
   3.141592741E+00   1.047197580E+00   1.047197580E+00   7.314172513E-04
   3.141592741E+00   1.047197580E+00   2.094395161E+00   8.048210928E-04
   3.141592741E+00   1.047197580E+00   3.141592741E+00   7.844222713E-04
   3.141592741E+00   2.094395161E+00  -3.141592741E+00   8.006590227E-04
   3.141592741E+00   2.094395161E+00  -2.094395161E+00   7.941333657E-04
   3.141592741E+00   2.094395161E+00  -1.047197580E+00   7.955041620E-04
   3.141592741E+00   2.094395161E+00   0.000000000E+00   8.039387664E-04
   3.141592741E+00   2.094395161E+00   1.047197580E+00   8.184322184E-04
   3.141592741E+00   2.094395161E+00   2.094395161E+00   7.916496559E-04
   3.141592741E+00   2.094395161E+00   3.141592741E+00   8.006590154E-04
   3.141592741E+00   3.141592741E+00  -3.141592741E+00   8.486214780E-04
   3.141592741E+00   3.141592741E+00  -2.094395161E+00   8.178560224E-04
   3.141592741E+00   3.141592741E+00  -1.047197580E+00   7.845055984E-04
   3.141592741E+00   3.141592741E+00   0.000000000E+00   7.949689169E-04
   3.141592741E+00   3.141592741E+00   1.047197580E+00   7.845055834E-04
   3.141592741E+00   3.141592741E+00   2.094395161E+00   8.178560486E-04
   3.141592741E+00   3.141592741E+00   3.141592741E+00   8.486214780E-04
